2020-07-21 00:11:42.361 ERROR 1636 --- [SpringContextShutdownHook] o.h.engine.jdbc.spi.SqlExceptionHelper   : データベースはすでに閉じられています (VM終了時の自動データベースクローズを無効にするためには、db URLに ";DB_CLOSE_ON_EXIT=FALSE" を追加してください)
Database is already closed (to disable automatic closing at VM shutdown, add ";DB_CLOSE_ON_EXIT=FALSE" to the db URL) [90121-200]
2020-07-21 00:11:42.371 ERROR 1636 --- [SpringContextShutdownHook] o.h.engine.jdbc.spi.SqlExceptionHelper   : データベースはすでに閉じられています (VM終了時の自動データベースクローズを無効にするためには、db URLに ";DB_CLOSE_ON_EXIT=FALSE" を追加してください)
Database is already closed (to disable automatic closing at VM shutdown, add ";DB_CLOSE_ON_EXIT=FALSE" to the db URL) [90121-200]
2020-07-21 00:47:58.287 ERROR 19000 --- [SpringContextShutdownHook] o.h.engine.jdbc.spi.SqlExceptionHelper   : データベースはすでに閉じられています (VM終了時の自動データベースクローズを無効にするためには、db URLに ";DB_CLOSE_ON_EXIT=FALSE" を追加してください)
Database is already closed (to disable automatic closing at VM shutdown, add ";DB_CLOSE_ON_EXIT=FALSE" to the db URL) [90121-200]
2020-07-21 00:47:58.290 ERROR 19000 --- [SpringContextShutdownHook] o.h.engine.jdbc.spi.SqlExceptionHelper   : データベースはすでに閉じられています (VM終了時の自動データベースクローズを無効にするためには、db URLに ";DB_CLOSE_ON_EXIT=FALSE" を追加してください)
Database is already closed (to disable automatic closing at VM shutdown, add ";DB_CLOSE_ON_EXIT=FALSE" to the db URL) [90121-200]
2020-07-21 00:55:13.540 ERROR 8992 --- [main] o.f.core.internal.command.DbMigrate      : Migration of schema "PUBLIC" to version 1.1.0 - testdata failed! Please restore backups and roll back database and code!
2020-07-21 00:55:13.590 ERROR 8992 --- [main] o.s.boot.SpringApplication               : Application run failed

org.springframework.beans.factory.BeanCreationException: Error creating bean with name 'flywayInitializer' defined in class path resource [org/springframework/boot/autoconfigure/flyway/FlywayAutoConfiguration$FlywayConfiguration.class]: Invocation of init method failed; nested exception is org.flywaydb.core.internal.command.DbMigrate$FlywayMigrateException: 
Migration V1.1.0__testdata.sql failed
-------------------------------------
SQL State  : 42S22
Error Code : 42122
Message    : 列 "TITLE" が見つかりません
Column "TITLE" not found; SQL statement:
/* 問題 */
INSERT INTO t_question(id, title, description, input_num) VALUES(1, '足し算問題', '与えられた２つの数値を足し合わせた結果を返す', 2) [42122-200]
Location   : db/test/V1.1.0__testdata.sql (C:\Users\user01-m\Desktop\dev_team\workspace_sts\EMS\bin\main\db\test\V1.1.0__testdata.sql)
Line       : 9
Statement  : /* 問題 */
INSERT INTO t_question(id, title, description, input_num) VALUES(1, '足し算問題', '与えられた２つの数値を足し合わせた結果を返す', 2)

	at org.springframework.beans.factory.support.AbstractAutowireCapableBeanFactory.initializeBean(AbstractAutowireCapableBeanFactory.java:1796) ~[spring-beans-5.2.7.RELEASE.jar:5.2.7.RELEASE]
	at org.springframework.beans.factory.support.AbstractAutowireCapableBeanFactory.doCreateBean(AbstractAutowireCapableBeanFactory.java:595) ~[spring-beans-5.2.7.RELEASE.jar:5.2.7.RELEASE]
	at org.springframework.beans.factory.support.AbstractAutowireCapableBeanFactory.createBean(AbstractAutowireCapableBeanFactory.java:517) ~[spring-beans-5.2.7.RELEASE.jar:5.2.7.RELEASE]
	at org.springframework.beans.factory.support.AbstractBeanFactory.lambda$doGetBean$0(AbstractBeanFactory.java:323) ~[spring-beans-5.2.7.RELEASE.jar:5.2.7.RELEASE]
	at org.springframework.beans.factory.support.DefaultSingletonBeanRegistry.getSingleton(DefaultSingletonBeanRegistry.java:226) ~[spring-beans-5.2.7.RELEASE.jar:5.2.7.RELEASE]
	at org.springframework.beans.factory.support.AbstractBeanFactory.doGetBean(AbstractBeanFactory.java:321) ~[spring-beans-5.2.7.RELEASE.jar:5.2.7.RELEASE]
	at org.springframework.beans.factory.support.AbstractBeanFactory.getBean(AbstractBeanFactory.java:202) ~[spring-beans-5.2.7.RELEASE.jar:5.2.7.RELEASE]
	at org.springframework.beans.factory.support.AbstractBeanFactory.doGetBean(AbstractBeanFactory.java:310) ~[spring-beans-5.2.7.RELEASE.jar:5.2.7.RELEASE]
	at org.springframework.beans.factory.support.AbstractBeanFactory.getBean(AbstractBeanFactory.java:202) ~[spring-beans-5.2.7.RELEASE.jar:5.2.7.RELEASE]
	at org.springframework.context.support.AbstractApplicationContext.getBean(AbstractApplicationContext.java:1109) ~[spring-context-5.2.7.RELEASE.jar:5.2.7.RELEASE]
	at org.springframework.context.support.AbstractApplicationContext.finishBeanFactoryInitialization(AbstractApplicationContext.java:869) ~[spring-context-5.2.7.RELEASE.jar:5.2.7.RELEASE]
	at org.springframework.context.support.AbstractApplicationContext.refresh(AbstractApplicationContext.java:551) ~[spring-context-5.2.7.RELEASE.jar:5.2.7.RELEASE]
	at org.springframework.boot.web.servlet.context.ServletWebServerApplicationContext.refresh(ServletWebServerApplicationContext.java:143) ~[spring-boot-2.3.1.RELEASE.jar:2.3.1.RELEASE]
	at org.springframework.boot.SpringApplication.refresh(SpringApplication.java:758) ~[spring-boot-2.3.1.RELEASE.jar:2.3.1.RELEASE]
	at org.springframework.boot.SpringApplication.refresh(SpringApplication.java:750) ~[spring-boot-2.3.1.RELEASE.jar:2.3.1.RELEASE]
	at org.springframework.boot.SpringApplication.refreshContext(SpringApplication.java:397) ~[spring-boot-2.3.1.RELEASE.jar:2.3.1.RELEASE]
	at org.springframework.boot.SpringApplication.run(SpringApplication.java:315) ~[spring-boot-2.3.1.RELEASE.jar:2.3.1.RELEASE]
	at org.springframework.boot.test.context.SpringBootContextLoader.loadContext(SpringBootContextLoader.java:120) ~[spring-boot-test-2.3.1.RELEASE.jar:2.3.1.RELEASE]
	at org.springframework.test.context.cache.DefaultCacheAwareContextLoaderDelegate.loadContextInternal(DefaultCacheAwareContextLoaderDelegate.java:99) ~[spring-test-5.2.7.RELEASE.jar:5.2.7.RELEASE]
	at org.springframework.test.context.cache.DefaultCacheAwareContextLoaderDelegate.loadContext(DefaultCacheAwareContextLoaderDelegate.java:124) ~[spring-test-5.2.7.RELEASE.jar:5.2.7.RELEASE]
	at org.springframework.test.context.support.DefaultTestContext.getApplicationContext(DefaultTestContext.java:123) ~[spring-test-5.2.7.RELEASE.jar:5.2.7.RELEASE]
	at org.flywaydb.test.FlywayTestExecutionListener.dbResetWithAnnotation(FlywayTestExecutionListener.java:361) ~[flyway-spring-test-6.4.0.jar:6.4.0]
	at org.flywaydb.test.FlywayTestExecutionListener.handleFlywayTestAnnotationForClass(FlywayTestExecutionListener.java:181) ~[flyway-spring-test-6.4.0.jar:6.4.0]
	at org.flywaydb.test.FlywayTestExecutionListener.beforeTestClass(FlywayTestExecutionListener.java:160) ~[flyway-spring-test-6.4.0.jar:6.4.0]
	at org.springframework.test.context.TestContextManager.beforeTestClass(TestContextManager.java:213) ~[spring-test-5.2.7.RELEASE.jar:5.2.7.RELEASE]
	at org.springframework.test.context.junit4.statements.RunBeforeTestClassCallbacks.evaluate(RunBeforeTestClassCallbacks.java:60) ~[spring-test-5.2.7.RELEASE.jar:5.2.7.RELEASE]
	at org.springframework.test.context.junit4.statements.RunAfterTestClassCallbacks.evaluate(RunAfterTestClassCallbacks.java:70) ~[spring-test-5.2.7.RELEASE.jar:5.2.7.RELEASE]
	at org.junit.runners.ParentRunner$3.evaluate(ParentRunner.java:306) ~[junit-4.13.jar:4.13]
	at org.junit.runners.ParentRunner.run(ParentRunner.java:413) ~[junit-4.13.jar:4.13]
	at org.springframework.test.context.junit4.SpringJUnit4ClassRunner.run(SpringJUnit4ClassRunner.java:190) ~[spring-test-5.2.7.RELEASE.jar:5.2.7.RELEASE]
	at org.junit.runner.JUnitCore.run(JUnitCore.java:137) ~[junit-4.13.jar:4.13]
	at org.junit.runner.JUnitCore.run(JUnitCore.java:115) ~[junit-4.13.jar:4.13]
	at org.junit.vintage.engine.execution.RunnerExecutor.execute(RunnerExecutor.java:43) ~[junit-vintage-engine-5.7.0-M1.jar:5.7.0-M1]
	at java.base/java.util.stream.ForEachOps$ForEachOp$OfRef.accept(ForEachOps.java:183) ~[na:na]
	at java.base/java.util.stream.ReferencePipeline$3$1.accept(ReferencePipeline.java:195) ~[na:na]
	at java.base/java.util.Iterator.forEachRemaining(Iterator.java:133) ~[na:na]
	at java.base/java.util.Spliterators$IteratorSpliterator.forEachRemaining(Spliterators.java:1801) ~[na:na]
	at java.base/java.util.stream.AbstractPipeline.copyInto(AbstractPipeline.java:484) ~[na:na]
	at java.base/java.util.stream.AbstractPipeline.wrapAndCopyInto(AbstractPipeline.java:474) ~[na:na]
	at java.base/java.util.stream.ForEachOps$ForEachOp.evaluateSequential(ForEachOps.java:150) ~[na:na]
	at java.base/java.util.stream.ForEachOps$ForEachOp$OfRef.evaluateSequential(ForEachOps.java:173) ~[na:na]
	at java.base/java.util.stream.AbstractPipeline.evaluate(AbstractPipeline.java:234) ~[na:na]
	at java.base/java.util.stream.ReferencePipeline.forEach(ReferencePipeline.java:497) ~[na:na]
	at org.junit.vintage.engine.VintageTestEngine.executeAllChildren(VintageTestEngine.java:82) ~[junit-vintage-engine-5.7.0-M1.jar:5.7.0-M1]
	at org.junit.vintage.engine.VintageTestEngine.execute(VintageTestEngine.java:73) ~[junit-vintage-engine-5.7.0-M1.jar:5.7.0-M1]
	at org.junit.platform.launcher.core.DefaultLauncher.execute(DefaultLauncher.java:248) ~[junit-platform-launcher-1.6.2.jar:1.6.2]
	at org.junit.platform.launcher.core.DefaultLauncher.lambda$execute$5(DefaultLauncher.java:211) ~[junit-platform-launcher-1.6.2.jar:1.6.2]
	at org.junit.platform.launcher.core.DefaultLauncher.withInterceptedStreams(DefaultLauncher.java:226) ~[junit-platform-launcher-1.6.2.jar:1.6.2]
	at org.junit.platform.launcher.core.DefaultLauncher.execute(DefaultLauncher.java:199) ~[junit-platform-launcher-1.6.2.jar:1.6.2]
	at org.junit.platform.launcher.core.DefaultLauncher.execute(DefaultLauncher.java:141) ~[junit-platform-launcher-1.6.2.jar:1.6.2]
	at org.eclipse.jdt.internal.junit5.runner.JUnit5TestReference.run(JUnit5TestReference.java:98) ~[.cp/:na]
	at org.eclipse.jdt.internal.junit.runner.TestExecution.run(TestExecution.java:41) ~[.cp/:na]
	at org.eclipse.jdt.internal.junit.runner.RemoteTestRunner.runTests(RemoteTestRunner.java:542) ~[.cp/:na]
	at org.eclipse.jdt.internal.junit.runner.RemoteTestRunner.runTests(RemoteTestRunner.java:770) ~[.cp/:na]
	at org.eclipse.jdt.internal.junit.runner.RemoteTestRunner.run(RemoteTestRunner.java:464) ~[.cp/:na]
	at org.eclipse.jdt.internal.junit.runner.RemoteTestRunner.main(RemoteTestRunner.java:210) ~[.cp/:na]
Caused by: org.flywaydb.core.internal.command.DbMigrate$FlywayMigrateException: 
Migration V1.1.0__testdata.sql failed
-------------------------------------
SQL State  : 42S22
Error Code : 42122
Message    : 列 "TITLE" が見つかりません
Column "TITLE" not found; SQL statement:
/* 問題 */
INSERT INTO t_question(id, title, description, input_num) VALUES(1, '足し算問題', '与えられた２つの数値を足し合わせた結果を返す', 2) [42122-200]
Location   : db/test/V1.1.0__testdata.sql (C:\Users\user01-m\Desktop\dev_team\workspace_sts\EMS\bin\main\db\test\V1.1.0__testdata.sql)
Line       : 9
Statement  : /* 問題 */
INSERT INTO t_question(id, title, description, input_num) VALUES(1, '足し算問題', '与えられた２つの数値を足し合わせた結果を返す', 2)

	at org.flywaydb.core.internal.command.DbMigrate.doMigrateGroup(DbMigrate.java:369) ~[flyway-core-6.5.1.jar:na]
	at org.flywaydb.core.internal.command.DbMigrate.access$200(DbMigrate.java:54) ~[flyway-core-6.5.1.jar:na]
	at org.flywaydb.core.internal.command.DbMigrate$3.call(DbMigrate.java:282) ~[flyway-core-6.5.1.jar:na]
	at org.flywaydb.core.internal.jdbc.TransactionalExecutionTemplate.execute(TransactionalExecutionTemplate.java:66) ~[flyway-core-6.5.1.jar:na]
	at org.flywaydb.core.internal.command.DbMigrate.applyMigrations(DbMigrate.java:279) ~[flyway-core-6.5.1.jar:na]
	at org.flywaydb.core.internal.command.DbMigrate.migrateGroup(DbMigrate.java:244) ~[flyway-core-6.5.1.jar:na]
	at org.flywaydb.core.internal.command.DbMigrate.access$100(DbMigrate.java:54) ~[flyway-core-6.5.1.jar:na]
	at org.flywaydb.core.internal.command.DbMigrate$2.call(DbMigrate.java:162) ~[flyway-core-6.5.1.jar:na]
	at org.flywaydb.core.internal.command.DbMigrate$2.call(DbMigrate.java:159) ~[flyway-core-6.5.1.jar:na]
	at org.flywaydb.core.internal.jdbc.TableLockingExecutionTemplate$1.call(TableLockingExecutionTemplate.java:38) ~[flyway-core-6.5.1.jar:na]
	at org.flywaydb.core.internal.jdbc.TransactionalExecutionTemplate.execute(TransactionalExecutionTemplate.java:66) ~[flyway-core-6.5.1.jar:na]
	at org.flywaydb.core.internal.jdbc.TableLockingExecutionTemplate.execute(TableLockingExecutionTemplate.java:33) ~[flyway-core-6.5.1.jar:na]
	at org.flywaydb.core.internal.database.base.Connection.lock(Connection.java:129) ~[flyway-core-6.5.1.jar:na]
	at org.flywaydb.core.internal.schemahistory.JdbcTableSchemaHistory.lock(JdbcTableSchemaHistory.java:140) ~[flyway-core-6.5.1.jar:na]
	at org.flywaydb.core.internal.command.DbMigrate.migrateAll(DbMigrate.java:159) ~[flyway-core-6.5.1.jar:na]
	at org.flywaydb.core.internal.command.DbMigrate.migrate(DbMigrate.java:137) ~[flyway-core-6.5.1.jar:na]
	at org.flywaydb.core.Flyway$1.execute(Flyway.java:206) ~[flyway-core-6.5.1.jar:na]
	at org.flywaydb.core.Flyway$1.execute(Flyway.java:158) ~[flyway-core-6.5.1.jar:na]
	at org.flywaydb.core.Flyway.execute(Flyway.java:527) ~[flyway-core-6.5.1.jar:na]
	at org.flywaydb.core.Flyway.migrate(Flyway.java:158) ~[flyway-core-6.5.1.jar:na]
	at org.springframework.boot.autoconfigure.flyway.FlywayMigrationInitializer.afterPropertiesSet(FlywayMigrationInitializer.java:65) ~[spring-boot-autoconfigure-2.3.1.RELEASE.jar:2.3.1.RELEASE]
	at org.springframework.beans.factory.support.AbstractAutowireCapableBeanFactory.invokeInitMethods(AbstractAutowireCapableBeanFactory.java:1855) ~[spring-beans-5.2.7.RELEASE.jar:5.2.7.RELEASE]
	at org.springframework.beans.factory.support.AbstractAutowireCapableBeanFactory.initializeBean(AbstractAutowireCapableBeanFactory.java:1792) ~[spring-beans-5.2.7.RELEASE.jar:5.2.7.RELEASE]
	... 55 common frames omitted
Caused by: org.flywaydb.core.internal.sqlscript.FlywaySqlScriptException: 
Migration V1.1.0__testdata.sql failed
-------------------------------------
SQL State  : 42S22
Error Code : 42122
Message    : 列 "TITLE" が見つかりません
Column "TITLE" not found; SQL statement:
/* 問題 */
INSERT INTO t_question(id, title, description, input_num) VALUES(1, '足し算問題', '与えられた２つの数値を足し合わせた結果を返す', 2) [42122-200]
Location   : db/test/V1.1.0__testdata.sql (C:\Users\user01-m\Desktop\dev_team\workspace_sts\EMS\bin\main\db\test\V1.1.0__testdata.sql)
Line       : 9
Statement  : /* 問題 */
INSERT INTO t_question(id, title, description, input_num) VALUES(1, '足し算問題', '与えられた２つの数値を足し合わせた結果を返す', 2)

	at org.flywaydb.core.internal.sqlscript.DefaultSqlScriptExecutor.handleException(DefaultSqlScriptExecutor.java:275) ~[flyway-core-6.5.1.jar:na]
	at org.flywaydb.core.internal.sqlscript.DefaultSqlScriptExecutor.executeStatement(DefaultSqlScriptExecutor.java:220) ~[flyway-core-6.5.1.jar:na]
	at org.flywaydb.core.internal.sqlscript.DefaultSqlScriptExecutor.execute(DefaultSqlScriptExecutor.java:127) ~[flyway-core-6.5.1.jar:na]
	at org.flywaydb.core.internal.resolver.sql.SqlMigrationExecutor.executeOnce(SqlMigrationExecutor.java:88) ~[flyway-core-6.5.1.jar:na]
	at org.flywaydb.core.internal.resolver.sql.SqlMigrationExecutor.access$000(SqlMigrationExecutor.java:33) ~[flyway-core-6.5.1.jar:na]
	at org.flywaydb.core.internal.resolver.sql.SqlMigrationExecutor$1.call(SqlMigrationExecutor.java:77) ~[flyway-core-6.5.1.jar:na]
	at org.flywaydb.core.internal.resolver.sql.SqlMigrationExecutor$1.call(SqlMigrationExecutor.java:74) ~[flyway-core-6.5.1.jar:na]
	at org.flywaydb.core.internal.database.DefaultExecutionStrategy.execute(DefaultExecutionStrategy.java:28) ~[flyway-core-6.5.1.jar:na]
	at org.flywaydb.core.internal.resolver.sql.SqlMigrationExecutor.execute(SqlMigrationExecutor.java:74) ~[flyway-core-6.5.1.jar:na]
	at org.flywaydb.core.internal.command.DbMigrate.doMigrateGroup(DbMigrate.java:366) ~[flyway-core-6.5.1.jar:na]
	... 77 common frames omitted
Caused by: org.h2.jdbc.JdbcSQLSyntaxErrorException: 列 "TITLE" が見つかりません
Column "TITLE" not found; SQL statement:
/* 問題 */
INSERT INTO t_question(id, title, description, input_num) VALUES(1, '足し算問題', '与えられた２つの数値を足し合わせた結果を返す', 2) [42122-200]
	at org.h2.message.DbException.getJdbcSQLException(DbException.java:453) ~[h2-1.4.200.jar:1.4.200]
	at org.h2.message.DbException.getJdbcSQLException(DbException.java:429) ~[h2-1.4.200.jar:1.4.200]
	at org.h2.message.DbException.get(DbException.java:205) ~[h2-1.4.200.jar:1.4.200]
	at org.h2.message.DbException.get(DbException.java:181) ~[h2-1.4.200.jar:1.4.200]
	at org.h2.table.Table.getColumn(Table.java:703) ~[h2-1.4.200.jar:1.4.200]
	at org.h2.command.Parser.parseColumn(Parser.java:1450) ~[h2-1.4.200.jar:1.4.200]
	at org.h2.command.Parser.parseColumnList(Parser.java:1435) ~[h2-1.4.200.jar:1.4.200]
	at org.h2.command.Parser.parseInsertGivenTable(Parser.java:1804) ~[h2-1.4.200.jar:1.4.200]
	at org.h2.command.Parser.parseInsert(Parser.java:1749) ~[h2-1.4.200.jar:1.4.200]
	at org.h2.command.Parser.parsePrepared(Parser.java:954) ~[h2-1.4.200.jar:1.4.200]
	at org.h2.command.Parser.parse(Parser.java:843) ~[h2-1.4.200.jar:1.4.200]
	at org.h2.command.Parser.parse(Parser.java:815) ~[h2-1.4.200.jar:1.4.200]
	at org.h2.command.Parser.prepareCommand(Parser.java:738) ~[h2-1.4.200.jar:1.4.200]
	at org.h2.engine.Session.prepareLocal(Session.java:657) ~[h2-1.4.200.jar:1.4.200]
	at org.h2.engine.Session.prepareCommand(Session.java:595) ~[h2-1.4.200.jar:1.4.200]
	at org.h2.jdbc.JdbcConnection.prepareCommand(JdbcConnection.java:1235) ~[h2-1.4.200.jar:1.4.200]
	at org.h2.jdbc.JdbcStatement.executeInternal(JdbcStatement.java:212) ~[h2-1.4.200.jar:1.4.200]
	at org.h2.jdbc.JdbcStatement.execute(JdbcStatement.java:201) ~[h2-1.4.200.jar:1.4.200]
	at com.zaxxer.hikari.pool.ProxyStatement.execute(ProxyStatement.java:95) ~[HikariCP-3.4.5.jar:na]
	at com.zaxxer.hikari.pool.HikariProxyStatement.execute(HikariProxyStatement.java) ~[HikariCP-3.4.5.jar:na]
	at org.flywaydb.core.internal.jdbc.JdbcTemplate.executeStatement(JdbcTemplate.java:244) ~[flyway-core-6.5.1.jar:na]
	at org.flywaydb.core.internal.sqlscript.ParsedSqlStatement.execute(ParsedSqlStatement.java:111) ~[flyway-core-6.5.1.jar:na]
	at org.flywaydb.core.internal.sqlscript.DefaultSqlScriptExecutor.executeStatement(DefaultSqlScriptExecutor.java:208) ~[flyway-core-6.5.1.jar:na]
	... 85 common frames omitted

2020-07-21 00:55:57.467 ERROR 2024 --- [main] o.f.core.internal.command.DbMigrate      : Migration of schema "PUBLIC" to version 1.1.0 - testdata failed! Please restore backups and roll back database and code!
2020-07-21 00:55:57.509 ERROR 2024 --- [main] o.s.boot.SpringApplication               : Application run failed

org.springframework.beans.factory.BeanCreationException: Error creating bean with name 'flywayInitializer' defined in class path resource [org/springframework/boot/autoconfigure/flyway/FlywayAutoConfiguration$FlywayConfiguration.class]: Invocation of init method failed; nested exception is org.flywaydb.core.internal.command.DbMigrate$FlywayMigrateException: 
Migration V1.1.0__testdata.sql failed
-------------------------------------
SQL State  : 42S22
Error Code : 42122
Message    : 列 "TITLE" が見つかりません
Column "TITLE" not found; SQL statement:
/* 問題 */
INSERT INTO t_question(id, title, description, input_num) VALUES(1, '足し算問題', '与えられた２つの数値を足し合わせた結果を返す', 2) [42122-200]
Location   : db/test/V1.1.0__testdata.sql (C:\Users\user01-m\Desktop\dev_team\workspace_sts\EMS\bin\main\db\test\V1.1.0__testdata.sql)
Line       : 9
Statement  : /* 問題 */
INSERT INTO t_question(id, title, description, input_num) VALUES(1, '足し算問題', '与えられた２つの数値を足し合わせた結果を返す', 2)

	at org.springframework.beans.factory.support.AbstractAutowireCapableBeanFactory.initializeBean(AbstractAutowireCapableBeanFactory.java:1796) ~[spring-beans-5.2.7.RELEASE.jar:5.2.7.RELEASE]
	at org.springframework.beans.factory.support.AbstractAutowireCapableBeanFactory.doCreateBean(AbstractAutowireCapableBeanFactory.java:595) ~[spring-beans-5.2.7.RELEASE.jar:5.2.7.RELEASE]
	at org.springframework.beans.factory.support.AbstractAutowireCapableBeanFactory.createBean(AbstractAutowireCapableBeanFactory.java:517) ~[spring-beans-5.2.7.RELEASE.jar:5.2.7.RELEASE]
	at org.springframework.beans.factory.support.AbstractBeanFactory.lambda$doGetBean$0(AbstractBeanFactory.java:323) ~[spring-beans-5.2.7.RELEASE.jar:5.2.7.RELEASE]
	at org.springframework.beans.factory.support.DefaultSingletonBeanRegistry.getSingleton(DefaultSingletonBeanRegistry.java:226) ~[spring-beans-5.2.7.RELEASE.jar:5.2.7.RELEASE]
	at org.springframework.beans.factory.support.AbstractBeanFactory.doGetBean(AbstractBeanFactory.java:321) ~[spring-beans-5.2.7.RELEASE.jar:5.2.7.RELEASE]
	at org.springframework.beans.factory.support.AbstractBeanFactory.getBean(AbstractBeanFactory.java:202) ~[spring-beans-5.2.7.RELEASE.jar:5.2.7.RELEASE]
	at org.springframework.beans.factory.support.AbstractBeanFactory.doGetBean(AbstractBeanFactory.java:310) ~[spring-beans-5.2.7.RELEASE.jar:5.2.7.RELEASE]
	at org.springframework.beans.factory.support.AbstractBeanFactory.getBean(AbstractBeanFactory.java:202) ~[spring-beans-5.2.7.RELEASE.jar:5.2.7.RELEASE]
	at org.springframework.context.support.AbstractApplicationContext.getBean(AbstractApplicationContext.java:1109) ~[spring-context-5.2.7.RELEASE.jar:5.2.7.RELEASE]
	at org.springframework.context.support.AbstractApplicationContext.finishBeanFactoryInitialization(AbstractApplicationContext.java:869) ~[spring-context-5.2.7.RELEASE.jar:5.2.7.RELEASE]
	at org.springframework.context.support.AbstractApplicationContext.refresh(AbstractApplicationContext.java:551) ~[spring-context-5.2.7.RELEASE.jar:5.2.7.RELEASE]
	at org.springframework.boot.web.servlet.context.ServletWebServerApplicationContext.refresh(ServletWebServerApplicationContext.java:143) ~[spring-boot-2.3.1.RELEASE.jar:2.3.1.RELEASE]
	at org.springframework.boot.SpringApplication.refresh(SpringApplication.java:758) ~[spring-boot-2.3.1.RELEASE.jar:2.3.1.RELEASE]
	at org.springframework.boot.SpringApplication.refresh(SpringApplication.java:750) ~[spring-boot-2.3.1.RELEASE.jar:2.3.1.RELEASE]
	at org.springframework.boot.SpringApplication.refreshContext(SpringApplication.java:397) ~[spring-boot-2.3.1.RELEASE.jar:2.3.1.RELEASE]
	at org.springframework.boot.SpringApplication.run(SpringApplication.java:315) ~[spring-boot-2.3.1.RELEASE.jar:2.3.1.RELEASE]
	at org.springframework.boot.test.context.SpringBootContextLoader.loadContext(SpringBootContextLoader.java:120) ~[spring-boot-test-2.3.1.RELEASE.jar:2.3.1.RELEASE]
	at org.springframework.test.context.cache.DefaultCacheAwareContextLoaderDelegate.loadContextInternal(DefaultCacheAwareContextLoaderDelegate.java:99) ~[spring-test-5.2.7.RELEASE.jar:5.2.7.RELEASE]
	at org.springframework.test.context.cache.DefaultCacheAwareContextLoaderDelegate.loadContext(DefaultCacheAwareContextLoaderDelegate.java:124) ~[spring-test-5.2.7.RELEASE.jar:5.2.7.RELEASE]
	at org.springframework.test.context.support.DefaultTestContext.getApplicationContext(DefaultTestContext.java:123) ~[spring-test-5.2.7.RELEASE.jar:5.2.7.RELEASE]
	at org.flywaydb.test.FlywayTestExecutionListener.dbResetWithAnnotation(FlywayTestExecutionListener.java:361) ~[flyway-spring-test-6.4.0.jar:6.4.0]
	at org.flywaydb.test.FlywayTestExecutionListener.handleFlywayTestAnnotationForClass(FlywayTestExecutionListener.java:181) ~[flyway-spring-test-6.4.0.jar:6.4.0]
	at org.flywaydb.test.FlywayTestExecutionListener.beforeTestClass(FlywayTestExecutionListener.java:160) ~[flyway-spring-test-6.4.0.jar:6.4.0]
	at org.springframework.test.context.TestContextManager.beforeTestClass(TestContextManager.java:213) ~[spring-test-5.2.7.RELEASE.jar:5.2.7.RELEASE]
	at org.springframework.test.context.junit4.statements.RunBeforeTestClassCallbacks.evaluate(RunBeforeTestClassCallbacks.java:60) ~[spring-test-5.2.7.RELEASE.jar:5.2.7.RELEASE]
	at org.springframework.test.context.junit4.statements.RunAfterTestClassCallbacks.evaluate(RunAfterTestClassCallbacks.java:70) ~[spring-test-5.2.7.RELEASE.jar:5.2.7.RELEASE]
	at org.junit.runners.ParentRunner$3.evaluate(ParentRunner.java:306) ~[junit-4.13.jar:4.13]
	at org.junit.runners.ParentRunner.run(ParentRunner.java:413) ~[junit-4.13.jar:4.13]
	at org.springframework.test.context.junit4.SpringJUnit4ClassRunner.run(SpringJUnit4ClassRunner.java:190) ~[spring-test-5.2.7.RELEASE.jar:5.2.7.RELEASE]
	at org.junit.runner.JUnitCore.run(JUnitCore.java:137) ~[junit-4.13.jar:4.13]
	at org.junit.runner.JUnitCore.run(JUnitCore.java:115) ~[junit-4.13.jar:4.13]
	at org.junit.vintage.engine.execution.RunnerExecutor.execute(RunnerExecutor.java:43) ~[junit-vintage-engine-5.7.0-M1.jar:5.7.0-M1]
	at java.base/java.util.stream.ForEachOps$ForEachOp$OfRef.accept(ForEachOps.java:183) ~[na:na]
	at java.base/java.util.stream.ReferencePipeline$3$1.accept(ReferencePipeline.java:195) ~[na:na]
	at java.base/java.util.Iterator.forEachRemaining(Iterator.java:133) ~[na:na]
	at java.base/java.util.Spliterators$IteratorSpliterator.forEachRemaining(Spliterators.java:1801) ~[na:na]
	at java.base/java.util.stream.AbstractPipeline.copyInto(AbstractPipeline.java:484) ~[na:na]
	at java.base/java.util.stream.AbstractPipeline.wrapAndCopyInto(AbstractPipeline.java:474) ~[na:na]
	at java.base/java.util.stream.ForEachOps$ForEachOp.evaluateSequential(ForEachOps.java:150) ~[na:na]
	at java.base/java.util.stream.ForEachOps$ForEachOp$OfRef.evaluateSequential(ForEachOps.java:173) ~[na:na]
	at java.base/java.util.stream.AbstractPipeline.evaluate(AbstractPipeline.java:234) ~[na:na]
	at java.base/java.util.stream.ReferencePipeline.forEach(ReferencePipeline.java:497) ~[na:na]
	at org.junit.vintage.engine.VintageTestEngine.executeAllChildren(VintageTestEngine.java:82) ~[junit-vintage-engine-5.7.0-M1.jar:5.7.0-M1]
	at org.junit.vintage.engine.VintageTestEngine.execute(VintageTestEngine.java:73) ~[junit-vintage-engine-5.7.0-M1.jar:5.7.0-M1]
	at org.junit.platform.launcher.core.DefaultLauncher.execute(DefaultLauncher.java:248) ~[junit-platform-launcher-1.6.2.jar:1.6.2]
	at org.junit.platform.launcher.core.DefaultLauncher.lambda$execute$5(DefaultLauncher.java:211) ~[junit-platform-launcher-1.6.2.jar:1.6.2]
	at org.junit.platform.launcher.core.DefaultLauncher.withInterceptedStreams(DefaultLauncher.java:226) ~[junit-platform-launcher-1.6.2.jar:1.6.2]
	at org.junit.platform.launcher.core.DefaultLauncher.execute(DefaultLauncher.java:199) ~[junit-platform-launcher-1.6.2.jar:1.6.2]
	at org.junit.platform.launcher.core.DefaultLauncher.execute(DefaultLauncher.java:141) ~[junit-platform-launcher-1.6.2.jar:1.6.2]
	at org.eclipse.jdt.internal.junit5.runner.JUnit5TestReference.run(JUnit5TestReference.java:98) ~[.cp/:na]
	at org.eclipse.jdt.internal.junit.runner.TestExecution.run(TestExecution.java:41) ~[.cp/:na]
	at org.eclipse.jdt.internal.junit.runner.RemoteTestRunner.runTests(RemoteTestRunner.java:542) ~[.cp/:na]
	at org.eclipse.jdt.internal.junit.runner.RemoteTestRunner.runTests(RemoteTestRunner.java:770) ~[.cp/:na]
	at org.eclipse.jdt.internal.junit.runner.RemoteTestRunner.run(RemoteTestRunner.java:464) ~[.cp/:na]
	at org.eclipse.jdt.internal.junit.runner.RemoteTestRunner.main(RemoteTestRunner.java:210) ~[.cp/:na]
Caused by: org.flywaydb.core.internal.command.DbMigrate$FlywayMigrateException: 
Migration V1.1.0__testdata.sql failed
-------------------------------------
SQL State  : 42S22
Error Code : 42122
Message    : 列 "TITLE" が見つかりません
Column "TITLE" not found; SQL statement:
/* 問題 */
INSERT INTO t_question(id, title, description, input_num) VALUES(1, '足し算問題', '与えられた２つの数値を足し合わせた結果を返す', 2) [42122-200]
Location   : db/test/V1.1.0__testdata.sql (C:\Users\user01-m\Desktop\dev_team\workspace_sts\EMS\bin\main\db\test\V1.1.0__testdata.sql)
Line       : 9
Statement  : /* 問題 */
INSERT INTO t_question(id, title, description, input_num) VALUES(1, '足し算問題', '与えられた２つの数値を足し合わせた結果を返す', 2)

	at org.flywaydb.core.internal.command.DbMigrate.doMigrateGroup(DbMigrate.java:369) ~[flyway-core-6.5.1.jar:na]
	at org.flywaydb.core.internal.command.DbMigrate.access$200(DbMigrate.java:54) ~[flyway-core-6.5.1.jar:na]
	at org.flywaydb.core.internal.command.DbMigrate$3.call(DbMigrate.java:282) ~[flyway-core-6.5.1.jar:na]
	at org.flywaydb.core.internal.jdbc.TransactionalExecutionTemplate.execute(TransactionalExecutionTemplate.java:66) ~[flyway-core-6.5.1.jar:na]
	at org.flywaydb.core.internal.command.DbMigrate.applyMigrations(DbMigrate.java:279) ~[flyway-core-6.5.1.jar:na]
	at org.flywaydb.core.internal.command.DbMigrate.migrateGroup(DbMigrate.java:244) ~[flyway-core-6.5.1.jar:na]
	at org.flywaydb.core.internal.command.DbMigrate.access$100(DbMigrate.java:54) ~[flyway-core-6.5.1.jar:na]
	at org.flywaydb.core.internal.command.DbMigrate$2.call(DbMigrate.java:162) ~[flyway-core-6.5.1.jar:na]
	at org.flywaydb.core.internal.command.DbMigrate$2.call(DbMigrate.java:159) ~[flyway-core-6.5.1.jar:na]
	at org.flywaydb.core.internal.jdbc.TableLockingExecutionTemplate$1.call(TableLockingExecutionTemplate.java:38) ~[flyway-core-6.5.1.jar:na]
	at org.flywaydb.core.internal.jdbc.TransactionalExecutionTemplate.execute(TransactionalExecutionTemplate.java:66) ~[flyway-core-6.5.1.jar:na]
	at org.flywaydb.core.internal.jdbc.TableLockingExecutionTemplate.execute(TableLockingExecutionTemplate.java:33) ~[flyway-core-6.5.1.jar:na]
	at org.flywaydb.core.internal.database.base.Connection.lock(Connection.java:129) ~[flyway-core-6.5.1.jar:na]
	at org.flywaydb.core.internal.schemahistory.JdbcTableSchemaHistory.lock(JdbcTableSchemaHistory.java:140) ~[flyway-core-6.5.1.jar:na]
	at org.flywaydb.core.internal.command.DbMigrate.migrateAll(DbMigrate.java:159) ~[flyway-core-6.5.1.jar:na]
	at org.flywaydb.core.internal.command.DbMigrate.migrate(DbMigrate.java:137) ~[flyway-core-6.5.1.jar:na]
	at org.flywaydb.core.Flyway$1.execute(Flyway.java:206) ~[flyway-core-6.5.1.jar:na]
	at org.flywaydb.core.Flyway$1.execute(Flyway.java:158) ~[flyway-core-6.5.1.jar:na]
	at org.flywaydb.core.Flyway.execute(Flyway.java:527) ~[flyway-core-6.5.1.jar:na]
	at org.flywaydb.core.Flyway.migrate(Flyway.java:158) ~[flyway-core-6.5.1.jar:na]
	at org.springframework.boot.autoconfigure.flyway.FlywayMigrationInitializer.afterPropertiesSet(FlywayMigrationInitializer.java:65) ~[spring-boot-autoconfigure-2.3.1.RELEASE.jar:2.3.1.RELEASE]
	at org.springframework.beans.factory.support.AbstractAutowireCapableBeanFactory.invokeInitMethods(AbstractAutowireCapableBeanFactory.java:1855) ~[spring-beans-5.2.7.RELEASE.jar:5.2.7.RELEASE]
	at org.springframework.beans.factory.support.AbstractAutowireCapableBeanFactory.initializeBean(AbstractAutowireCapableBeanFactory.java:1792) ~[spring-beans-5.2.7.RELEASE.jar:5.2.7.RELEASE]
	... 55 common frames omitted
Caused by: org.flywaydb.core.internal.sqlscript.FlywaySqlScriptException: 
Migration V1.1.0__testdata.sql failed
-------------------------------------
SQL State  : 42S22
Error Code : 42122
Message    : 列 "TITLE" が見つかりません
Column "TITLE" not found; SQL statement:
/* 問題 */
INSERT INTO t_question(id, title, description, input_num) VALUES(1, '足し算問題', '与えられた２つの数値を足し合わせた結果を返す', 2) [42122-200]
Location   : db/test/V1.1.0__testdata.sql (C:\Users\user01-m\Desktop\dev_team\workspace_sts\EMS\bin\main\db\test\V1.1.0__testdata.sql)
Line       : 9
Statement  : /* 問題 */
INSERT INTO t_question(id, title, description, input_num) VALUES(1, '足し算問題', '与えられた２つの数値を足し合わせた結果を返す', 2)

	at org.flywaydb.core.internal.sqlscript.DefaultSqlScriptExecutor.handleException(DefaultSqlScriptExecutor.java:275) ~[flyway-core-6.5.1.jar:na]
	at org.flywaydb.core.internal.sqlscript.DefaultSqlScriptExecutor.executeStatement(DefaultSqlScriptExecutor.java:220) ~[flyway-core-6.5.1.jar:na]
	at org.flywaydb.core.internal.sqlscript.DefaultSqlScriptExecutor.execute(DefaultSqlScriptExecutor.java:127) ~[flyway-core-6.5.1.jar:na]
	at org.flywaydb.core.internal.resolver.sql.SqlMigrationExecutor.executeOnce(SqlMigrationExecutor.java:88) ~[flyway-core-6.5.1.jar:na]
	at org.flywaydb.core.internal.resolver.sql.SqlMigrationExecutor.access$000(SqlMigrationExecutor.java:33) ~[flyway-core-6.5.1.jar:na]
	at org.flywaydb.core.internal.resolver.sql.SqlMigrationExecutor$1.call(SqlMigrationExecutor.java:77) ~[flyway-core-6.5.1.jar:na]
	at org.flywaydb.core.internal.resolver.sql.SqlMigrationExecutor$1.call(SqlMigrationExecutor.java:74) ~[flyway-core-6.5.1.jar:na]
	at org.flywaydb.core.internal.database.DefaultExecutionStrategy.execute(DefaultExecutionStrategy.java:28) ~[flyway-core-6.5.1.jar:na]
	at org.flywaydb.core.internal.resolver.sql.SqlMigrationExecutor.execute(SqlMigrationExecutor.java:74) ~[flyway-core-6.5.1.jar:na]
	at org.flywaydb.core.internal.command.DbMigrate.doMigrateGroup(DbMigrate.java:366) ~[flyway-core-6.5.1.jar:na]
	... 77 common frames omitted
Caused by: org.h2.jdbc.JdbcSQLSyntaxErrorException: 列 "TITLE" が見つかりません
Column "TITLE" not found; SQL statement:
/* 問題 */
INSERT INTO t_question(id, title, description, input_num) VALUES(1, '足し算問題', '与えられた２つの数値を足し合わせた結果を返す', 2) [42122-200]
	at org.h2.message.DbException.getJdbcSQLException(DbException.java:453) ~[h2-1.4.200.jar:1.4.200]
	at org.h2.message.DbException.getJdbcSQLException(DbException.java:429) ~[h2-1.4.200.jar:1.4.200]
	at org.h2.message.DbException.get(DbException.java:205) ~[h2-1.4.200.jar:1.4.200]
	at org.h2.message.DbException.get(DbException.java:181) ~[h2-1.4.200.jar:1.4.200]
	at org.h2.table.Table.getColumn(Table.java:703) ~[h2-1.4.200.jar:1.4.200]
	at org.h2.command.Parser.parseColumn(Parser.java:1450) ~[h2-1.4.200.jar:1.4.200]
	at org.h2.command.Parser.parseColumnList(Parser.java:1435) ~[h2-1.4.200.jar:1.4.200]
	at org.h2.command.Parser.parseInsertGivenTable(Parser.java:1804) ~[h2-1.4.200.jar:1.4.200]
	at org.h2.command.Parser.parseInsert(Parser.java:1749) ~[h2-1.4.200.jar:1.4.200]
	at org.h2.command.Parser.parsePrepared(Parser.java:954) ~[h2-1.4.200.jar:1.4.200]
	at org.h2.command.Parser.parse(Parser.java:843) ~[h2-1.4.200.jar:1.4.200]
	at org.h2.command.Parser.parse(Parser.java:815) ~[h2-1.4.200.jar:1.4.200]
	at org.h2.command.Parser.prepareCommand(Parser.java:738) ~[h2-1.4.200.jar:1.4.200]
	at org.h2.engine.Session.prepareLocal(Session.java:657) ~[h2-1.4.200.jar:1.4.200]
	at org.h2.engine.Session.prepareCommand(Session.java:595) ~[h2-1.4.200.jar:1.4.200]
	at org.h2.jdbc.JdbcConnection.prepareCommand(JdbcConnection.java:1235) ~[h2-1.4.200.jar:1.4.200]
	at org.h2.jdbc.JdbcStatement.executeInternal(JdbcStatement.java:212) ~[h2-1.4.200.jar:1.4.200]
	at org.h2.jdbc.JdbcStatement.execute(JdbcStatement.java:201) ~[h2-1.4.200.jar:1.4.200]
	at com.zaxxer.hikari.pool.ProxyStatement.execute(ProxyStatement.java:95) ~[HikariCP-3.4.5.jar:na]
	at com.zaxxer.hikari.pool.HikariProxyStatement.execute(HikariProxyStatement.java) ~[HikariCP-3.4.5.jar:na]
	at org.flywaydb.core.internal.jdbc.JdbcTemplate.executeStatement(JdbcTemplate.java:244) ~[flyway-core-6.5.1.jar:na]
	at org.flywaydb.core.internal.sqlscript.ParsedSqlStatement.execute(ParsedSqlStatement.java:111) ~[flyway-core-6.5.1.jar:na]
	at org.flywaydb.core.internal.sqlscript.DefaultSqlScriptExecutor.executeStatement(DefaultSqlScriptExecutor.java:208) ~[flyway-core-6.5.1.jar:na]
	... 85 common frames omitted

